[03:35:09] [main/INFO]: Loading Minecraft 26.1.2 with Fabric Loader 0.19.2
[03:35:09] [main/INFO]: Mappings not present!
[03:35:09] [main/INFO]: Loading 4 mods:
	- fabricloader 0.19.2
	   \-- mixinextras 0.5.4
	- java 25
	- minecraft 26.1.2
[03:35:10] [main/INFO]: SpongePowered MIXIN Subsystem Version=0.8.7 Source=file:/workspaces/server1/servidor_minecraft/libraries/net/fabricmc/sponge-mixin/0.17.2+mixin.0.8.7/sponge-mixin-0.17.2+mixin.0.8.7.jar Service=Knot/Fabric Env=SERVER
[03:35:15] [main/INFO]: Environment: Environment[sessionHost=https://sessionserver.mojang.com, servicesHost=https://api.minecraftservices.com, profilesHost=https://api.mojang.com, name=PROD]
[03:35:17] [main/INFO]: Loaded 1515 recipes
[03:35:17] [main/INFO]: Loaded 1617 advancements
[03:35:17] [Server thread/INFO]: Starting minecraft server version 26.1.2
[03:35:17] [Server thread/INFO]: Loading properties
[03:35:17] [Server thread/INFO]: Default game type: SURVIVAL
[03:35:17] [Server thread/INFO]: Generating keypair
[03:35:17] [Server thread/INFO]: Starting Minecraft server on *:25565
[03:35:18] [Server thread/WARN]: **** SERVER IS RUNNING IN OFFLINE/INSECURE MODE!
[03:35:18] [Server thread/WARN]: The server will make no attempt to authenticate usernames. Beware.
[03:35:18] [Server thread/WARN]: While this makes the game possible to play without internet access, it also opens up the ability for hackers to connect with any username they choose.
[03:35:18] [Server thread/WARN]: To change this, set "online-mode" to "true" in the server.properties file.
[03:35:18] [Server thread/INFO]: Preparing level "world"
[03:35:18] [Server thread/INFO]: Loading 0 persistent chunks...
[03:35:18] [Server thread/INFO]: Preparing spawn area: 100%
[03:35:18] [Server thread/INFO]: Time elapsed: 15 ms
[03:35:18] [Server thread/INFO]: Done (0.338s)! For help, type "help"
[03:35:18] [Server thread/INFO]: Saving chunks for level 'ServerLevel[world]'/minecraft:overworld
[03:35:18] [Server thread/INFO]: Saving chunks for level 'ServerLevel[world]'/minecraft:the_nether
[03:35:18] [Server thread/INFO]: Saving chunks for level 'ServerLevel[world]'/minecraft:the_end
[03:35:18] [Server thread/INFO]: ThreadedAnvilChunkStorage (world): All chunks are saved
[03:35:18] [Server thread/INFO]: ThreadedAnvilChunkStorage (DIM-1): All chunks are saved
[03:35:18] [Server thread/INFO]: ThreadedAnvilChunkStorage (DIM1): All chunks are saved
[03:35:18] [Server thread/INFO]: ThreadedAnvilChunkStorage: All dimensions are saved
[03:35:28] [Server thread/INFO]: samdo[/127.222.130.219:49897] logged in with entity id 77 at (-7.5708589890506195, 86.0, -107.40890797237776)
[03:35:28] [Server thread/INFO]: samdo joined the game
[03:38:14] [Server thread/INFO]: samdo has made the advancement [Stone Age]
[03:40:32] [Server thread/INFO]: samdo has made the advancement [Getting an Upgrade]
[03:46:31] [Server thread/INFO]: samdo was slain by Enderman
[03:46:48] [Server thread/INFO]: samdo lost connection: Disconnected
[03:46:48] [Server thread/INFO]: samdo left the game
[03:47:21] [Server thread/INFO]: Stopping the server
[03:47:21] [Server thread/INFO]: Stopping server
[03:47:21] [Server thread/INFO]: Saving players
[03:47:21] [Server thread/INFO]: Saving worlds
[03:47:21] [Server thread/INFO]: Saving chunks for level 'ServerLevel[world]'/minecraft:overworld
[03:47:21] [Server thread/INFO]: Saving chunks for level 'ServerLevel[world]'/minecraft:the_nether
[03:47:21] [Server thread/INFO]: Saving chunks for level 'ServerLevel[world]'/minecraft:the_end
[03:47:21] [Server thread/INFO]: ThreadedAnvilChunkStorage (world): All chunks are saved
[03:47:21] [Server thread/INFO]: ThreadedAnvilChunkStorage (DIM-1): All chunks are saved
[03:47:21] [Server thread/INFO]: ThreadedAnvilChunkStorage (DIM1): All chunks are saved
[03:47:21] [Server thread/INFO]: ThreadedAnvilChunkStorage: All dimensions are saved
